[2025/03/14 01:37:15]: §9          __             _       
[2025/03/14 01:37:15]: §9  _ __   / /  ___   __ _(_)_ __  
[2025/03/14 01:37:15]: §9 | '_ \ / /  / _ \ / _` | | '_ \ 
[2025/03/14 01:37:15]: §9 | | | / /__| (_) | (_| | | | | |
[2025/03/14 01:37:15]: §9 |_| |_\____/\___/ \__, |_|_| |_|
[2025/03/14 01:37:15]: §9                  |___/            
[2025/03/14 01:37:15]: §9 By: www.nickuc.com - V 10.4.21
[2025/03/14 01:37:15]: §9 
[2025/03/14 01:37:16]: §3[nLogin] [DEBUG] All settings were loaded in 83 ms.
[2025/03/14 01:37:16]: §3[nLogin] [DEBUG] Loading the messages_es.yml message file...
[2025/03/14 01:37:16]: §3[nLogin] [DEBUG] All plugin messages were loaded in 30 ms (languageByClient=false).
[2025/03/14 01:37:16]: §3[nLogin] [DEBUG] All proxy settings were loaded in 0 ms.
[2025/03/14 01:37:16]: §3[nLogin] [DEBUG] Loading database...
[2025/03/14 01:37:16]: §3[nLogin] [DEBUG] Starting logger filter...
[2025/03/14 01:39:30]: §3[nLogin] [DEBUG] [SQLite] [UPDATE]: "UPDATE `nlogin` SET `last_name` = 'THEMONILO', `unique_id` = 8ce330b9f7463d8f91749156ece89f7c,  `mojang_id` = null,  `bedrock_id` = null,  `password` = '$2a$10$3mhrjsMPnCr4o2HIkY1PLuD4ELaxVFDKHWIubdHzH0Or7LsL2QD4a', `last_ip` = '127.181.188.8', `creation_date` = 2025-03-14 00:01:05.978, `last_seen` = 2025-03-14 01:39:30.055, `email` = null, `discord` = null, `settings` = '{"settings":[{"value":"es","key":"language"}],"version":0}' WHERE `ai` = 1" (applied to [last_ip, last_seen, settings] columns)
[2025/03/14 01:39:30]: [nLogin] The user THEMONILO has successfully logged in.
[2025/03/14 01:39:34]: §3[nLogin] [DEBUG] The elian (127.86.242.136) player entered an incorrect password
[2025/03/14 01:39:51]: §3[nLogin] [DEBUG] [SQLite] [UPDATE]: "UPDATE `nlogin` SET `last_name` = 'elian', `unique_id` = 3e97d394156231e4917259b2e573112d,  `mojang_id` = null,  `bedrock_id` = null,  `password` = '$2a$10$T1a9kJ9y.oOS5qrYnobfAewDkXDngmpal8hJOZ.T8ggUUagsr6Yy.', `last_ip` = '127.86.242.136', `creation_date` = 2025-03-14 00:33:57.561, `last_seen` = 2025-03-14 01:39:51.908, `email` = null, `discord` = null, `settings` = null WHERE `ai` = 3" (applied to [last_ip, last_seen, settings] columns)
[2025/03/14 01:39:51]: [nLogin] The user elian has successfully logged in.
[2025/03/14 01:40:39]: §3[nLogin] [DEBUG] [SQLite] [UPDATE]: "UPDATE `nlogin` SET `last_name` = '1Kennethe', `unique_id` = 58ded296153e304a9f19127df9f5730f,  `mojang_id` = null,  `bedrock_id` = null,  `password` = '$2a$10$SBwnG011G9iINj6HaFogduWA9eG3Raz8y3H6FoFx8aK/BH.UF7zuW', `last_ip` = '127.166.241.202', `creation_date` = 2025-03-14 00:30:33.65, `last_seen` = 2025-03-14 01:40:39.527, `email` = null, `discord` = null, `settings` = null WHERE `ai` = 2" (applied to [last_ip, last_seen, settings] columns)
[2025/03/14 01:40:39]: [nLogin] The user 1Kennethe has successfully logged in.
