[2025/03/15 02:18:13]: §9          __             _       
[2025/03/15 02:18:13]: §9  _ __   / /  ___   __ _(_)_ __  
[2025/03/15 02:18:13]: §9 | '_ \ / /  / _ \ / _` | | '_ \ 
[2025/03/15 02:18:13]: §9 | | | / /__| (_) | (_| | | | | |
[2025/03/15 02:18:13]: §9 |_| |_\____/\___/ \__, |_|_| |_|
[2025/03/15 02:18:13]: §9                  |___/            
[2025/03/15 02:18:13]: §9 By: www.nickuc.com - V 10.4.21
[2025/03/15 02:18:13]: §9 
[2025/03/15 02:18:13]: §3[nLogin] [DEBUG] All settings were loaded in 55 ms.
[2025/03/15 02:18:13]: §3[nLogin] [DEBUG] Loading the messages_es.yml message file...
[2025/03/15 02:18:13]: §3[nLogin] [DEBUG] All plugin messages were loaded in 29 ms (languageByClient=false).
[2025/03/15 02:18:13]: §3[nLogin] [DEBUG] All proxy settings were loaded in 1 ms.
[2025/03/15 02:18:13]: §3[nLogin] [DEBUG] Loading database...
[2025/03/15 02:18:14]: §3[nLogin] [DEBUG] Starting logger filter...
[2025/03/15 02:18:31]: §4[nLogin] [ERROR] §cUnable to verify that the player is an NPC. Most likely this is a Citizens error.
java.lang.NoClassDefFoundError: net/citizensnpcs/api/CitizensAPI
	at com.nickuc.login.ΠρβυουξΣφετχε.b(:23)
	at com.nickuc.login.ΩιιφΔβχυ.c(:125)
	at com.nickuc.login.ηεΨχΩνμψφ.a(:60)
	at com.destroystokyo.paper.event.executor.asm.generated.GeneratedEventExecutor76.execute(Unknown Source)
	at org.bukkit.plugin.EventExecutor$2.execute(EventExecutor.java:77)
	at co.aikar.timings.TimedEventExecutor.execute(TimedEventExecutor.java:81)
	at org.bukkit.plugin.RegisteredListener.callEvent(RegisteredListener.java:70)
	at io.papermc.paper.plugin.manager.PaperEventManager.callEvent(PaperEventManager.java:54)
	at io.papermc.paper.plugin.manager.PaperPluginManagerImpl.callEvent(PaperPluginManagerImpl.java:126)
	at org.bukkit.plugin.SimplePluginManager.callEvent(SimplePluginManager.java:615)
	at net.minecraft.server.players.PlayerList.canPlayerLogin(PlayerList.java:746)
	at net.minecraft.server.network.LoginListener.d(LoginListener.java:160)
	at net.minecraft.server.network.LoginListener.c(LoginListener.java:85)
	at net.minecraft.network.NetworkManager.a(NetworkManager.java:593)
	at net.minecraft.server.network.ServerConnection.c(ServerConnection.java:234)
	at net.minecraft.server.MinecraftServer.b(MinecraftServer.java:1573)
	at net.minecraft.server.dedicated.DedicatedServer.b(DedicatedServer.java:447)
	at net.minecraft.server.MinecraftServer.a(MinecraftServer.java:1394)
	at net.minecraft.server.MinecraftServer.w(MinecraftServer.java:1171)
	at net.minecraft.server.MinecraftServer.lambda$spin$0(MinecraftServer.java:318)
	at java.base/java.lang.Thread.run(Thread.java:840)
Caused by: java.lang.ClassNotFoundException: net.citizensnpcs.api.CitizensAPI
	at java.base/java.net.URLClassLoader.findClass(URLClassLoader.java:445)
	at nLogin.jar//com.nickuc.login.loader.MemClassLoader.findClass(MemClassLoader.java:56)
	at java.base/java.lang.ClassLoader.loadClass(ClassLoader.java:592)
	at java.base/java.lang.ClassLoader.loadClass(ClassLoader.java:525)
	... 21 more
[2025/03/15 02:18:36]: 
[2025/03/15 02:18:36]:  §bThank you so much for choosing nLogin! §4<3
[2025/03/15 02:18:36]: 
[2025/03/15 02:18:36]:  §4For your safety, please read the message below:
[2025/03/15 02:18:36]:   §cNever download nLogin from unknown sources.
[2025/03/15 02:18:36]:   §cA modified version may contain malicious software.
[2025/03/15 02:18:36]: 
[2025/03/15 02:18:36]:  §3Trusted sources:
[2025/03/15 02:18:36]:   §bwww.nickuc.com
[2025/03/15 02:18:36]:   §bwww.github.com/nickuc
[2025/03/15 02:18:36]:   §bOpeNLogin installer (from Spigot or GitHub)
[2025/03/15 02:18:36]: 
[2025/03/15 02:18:36]:  §3Official support channels:
[2025/03/15 02:18:36]:   §bDiscord group: §fwww.nickuc.com/discord
[2025/03/15 02:18:36]:   §bDocumentation: §fdocs.nickuc.com/nlogin/
[2025/03/15 02:18:36]:   §bEmail: §fsupport@nickuc.com
[2025/03/15 02:18:36]:   §bYouTube: §fyoutube.com/nickuc
[2025/03/15 02:18:36]: 
[2025/03/15 02:18:36]:  §eTo remove this warning, log in with "nlogin.admin" permission on the server
[2025/03/15 02:18:36]:  §eand click the "Setup plugin" button to configure your plugin.
[2025/03/15 02:18:36]: 
[2025/03/15 02:18:51]: [nLogin] The user THEMONILO has successfully logged in.
[2025/03/15 02:18:59]: §3[nLogin] [DEBUG] [SQLite] [UPDATE]: "UPDATE `nlogin` SET `last_name` = 'THEMONILO', `unique_id` = 8ce330b9f7463d8f91749156ece89f7c,  `mojang_id` = null,  `bedrock_id` = null,  `password` = '$2a$10$m3m7G6PbWRkHZz5VJwj4qeoIo30kzN0d5tjE3ifmfYVIbYaJUacFO', `last_ip` = '127.181.188.8', `creation_date` = 2025-03-15 00:43:37.495, `last_seen` = 2025-03-15 02:18:59.757, `email` = null, `discord` = null, `settings` = null WHERE `ai` = 1" (applied to [last_ip, last_seen, settings] columns)
[2025/03/15 02:34:12]: §3[nLogin] [DEBUG] [SQLite] [UPDATE]: "INSERT INTO `nlogin` (`last_name`, `unique_id`, `mojang_id`, `bedrock_id`, `password`, `last_ip`, `creation_date`, `last_seen`, `email`, `discord`, `settings`) VALUES ('elian', 3e97d394156231e4917259b2e573112d, null, null, '$2a$10$sDD6e9/d6KItD1dMyg2tp.3y0PbraHB2ST6QYJ5lyl8mZKsleC5n2', '127.86.242.136', '2025-03-15 02:34:12.427', '2025-03-15 02:34:12.427', null, null, '{"settings":[{"value":true,"key":"force-invalid-session"}],"version":0}')" (applied to all columns)
[2025/03/15 02:34:12]: [nLogin] The user elian has successfully registered.
[2025/03/15 02:38:37]: §3[nLogin] [DEBUG] [SQLite] [UPDATE]: "UPDATE `nlogin` SET `last_name` = 'elian', `unique_id` = 3e97d394156231e4917259b2e573112d,  `mojang_id` = null,  `bedrock_id` = null,  `password` = '$2a$10$sDD6e9/d6KItD1dMyg2tp.3y0PbraHB2ST6QYJ5lyl8mZKsleC5n2', `last_ip` = '127.86.242.136', `creation_date` = 2025-03-15 02:34:12.427, `last_seen` = 2025-03-15 02:38:37.377, `email` = null, `discord` = null, `settings` = '{"settings":[{"value":true,"key":"force-invalid-session"},{"value":"es","key":"language"}],"version":0}' WHERE `ai` = 2" (applied to [last_seen, settings] columns)
[2025/03/15 02:41:44]: §3[nLogin] [DEBUG] [SQLite] [UPDATE]: "UPDATE `nlogin` SET `last_name` = 'elian', `unique_id` = 3e97d394156231e4917259b2e573112d,  `mojang_id` = null,  `bedrock_id` = null,  `password` = '$2a$10$sDD6e9/d6KItD1dMyg2tp.3y0PbraHB2ST6QYJ5lyl8mZKsleC5n2', `last_ip` = '127.86.242.136', `creation_date` = 2025-03-15 02:34:12.427, `last_seen` = 2025-03-15 02:41:44.655, `email` = null, `discord` = null, `settings` = '{"settings":[{"value":"es","key":"language"}],"version":0}' WHERE `ai` = 2" (applied to [last_ip, last_seen, settings] columns)
[2025/03/15 02:41:44]: [nLogin] The user elian has successfully logged in.
[2025/03/15 02:45:59]: §3[nLogin] [DEBUG] [SQLite] [UPDATE]: "UPDATE `nlogin` SET `last_name` = 'THEMONILO', `unique_id` = 8ce330b9f7463d8f91749156ece89f7c,  `mojang_id` = null,  `bedrock_id` = null,  `password` = '$2a$10$m3m7G6PbWRkHZz5VJwj4qeoIo30kzN0d5tjE3ifmfYVIbYaJUacFO', `last_ip` = '127.181.188.8', `creation_date` = 2025-03-15 00:43:37.495, `last_seen` = 2025-03-15 02:45:59.827, `email` = null, `discord` = null, `settings` = '{"settings":[{"value":"es","key":"language"}],"version":0}' WHERE `ai` = 1" (applied to [last_seen, settings] columns)
[2025/03/15 02:46:57]: §3[nLogin] [DEBUG] [SQLite] [UPDATE]: "UPDATE `nlogin` SET `last_name` = 'THEMONILO', `unique_id` = 8ce330b9f7463d8f91749156ece89f7c,  `mojang_id` = null,  `bedrock_id` = null,  `password` = '$2a$10$m3m7G6PbWRkHZz5VJwj4qeoIo30kzN0d5tjE3ifmfYVIbYaJUacFO', `last_ip` = '127.181.188.8', `creation_date` = 2025-03-15 00:43:37.495, `last_seen` = 2025-03-15 02:46:57.956, `email` = null, `discord` = null, `settings` = '{"settings":[{"value":"es","key":"language"}],"version":0}' WHERE `ai` = 1" (applied to [last_ip, last_seen, settings] columns)
[2025/03/15 02:46:57]: [nLogin] The user THEMONILO has successfully logged in.
[2025/03/15 02:48:37]: §3[nLogin] [DEBUG] [SQLite] [UPDATE]: "UPDATE `nlogin` SET `last_name` = 'THEMONILO', `unique_id` = 8ce330b9f7463d8f91749156ece89f7c,  `mojang_id` = null,  `bedrock_id` = null,  `password` = '$2a$10$m3m7G6PbWRkHZz5VJwj4qeoIo30kzN0d5tjE3ifmfYVIbYaJUacFO', `last_ip` = '127.181.188.8', `creation_date` = 2025-03-15 00:43:37.495, `last_seen` = 2025-03-15 02:48:37.527, `email` = null, `discord` = null, `settings` = '{"settings":[{"value":"es","key":"language"}],"version":0}' WHERE `ai` = 1" (applied to [last_seen, settings] columns)
[2025/03/15 02:49:30]: §3[nLogin] [DEBUG] [SQLite] [UPDATE]: "UPDATE `nlogin` SET `last_name` = 'THEMONILO', `unique_id` = 8ce330b9f7463d8f91749156ece89f7c,  `mojang_id` = null,  `bedrock_id` = null,  `password` = '$2a$10$m3m7G6PbWRkHZz5VJwj4qeoIo30kzN0d5tjE3ifmfYVIbYaJUacFO', `last_ip` = '127.181.188.8', `creation_date` = 2025-03-15 00:43:37.495, `last_seen` = 2025-03-15 02:49:30.956, `email` = null, `discord` = null, `settings` = '{"settings":[{"value":"es","key":"language"}],"version":0}' WHERE `ai` = 1" (applied to [last_ip, last_seen, settings] columns)
[2025/03/15 02:49:30]: [nLogin] The user THEMONILO has successfully logged in.
[2025/03/15 02:59:48]: §3[nLogin] [DEBUG] [SQLite] [UPDATE]: "UPDATE `nlogin` SET `last_name` = 'elian', `unique_id` = 3e97d394156231e4917259b2e573112d,  `mojang_id` = null,  `bedrock_id` = null,  `password` = '$2a$10$sDD6e9/d6KItD1dMyg2tp.3y0PbraHB2ST6QYJ5lyl8mZKsleC5n2', `last_ip` = '127.86.242.136', `creation_date` = 2025-03-15 02:34:12.427, `last_seen` = 2025-03-15 02:59:48.632, `email` = null, `discord` = null, `settings` = '{"settings":[{"value":"es","key":"language"}],"version":0}' WHERE `ai` = 2" (applied to [last_seen, settings] columns)
[2025/03/15 03:01:14]: §3[nLogin] [DEBUG] [SQLite] [UPDATE]: "UPDATE `nlogin` SET `last_name` = 'elian', `unique_id` = 3e97d394156231e4917259b2e573112d,  `mojang_id` = null,  `bedrock_id` = null,  `password` = '$2a$10$sDD6e9/d6KItD1dMyg2tp.3y0PbraHB2ST6QYJ5lyl8mZKsleC5n2', `last_ip` = '127.86.242.136', `creation_date` = 2025-03-15 02:34:12.427, `last_seen` = 2025-03-15 03:01:14.156, `email` = null, `discord` = null, `settings` = '{"settings":[{"value":"es","key":"language"}],"version":0}' WHERE `ai` = 2" (applied to [last_ip, last_seen, settings] columns)
[2025/03/15 03:01:14]: [nLogin] The user elian has successfully logged in.
[2025/03/15 03:06:26]: §3[nLogin] [DEBUG] [SQLite] [UPDATE]: "UPDATE `nlogin` SET `last_name` = 'THEMONILO', `unique_id` = 8ce330b9f7463d8f91749156ece89f7c,  `mojang_id` = null,  `bedrock_id` = null,  `password` = '$2a$10$m3m7G6PbWRkHZz5VJwj4qeoIo30kzN0d5tjE3ifmfYVIbYaJUacFO', `last_ip` = '127.181.188.8', `creation_date` = 2025-03-15 00:43:37.495, `last_seen` = 2025-03-15 03:06:26.181, `email` = null, `discord` = null, `settings` = '{"settings":[{"value":"es","key":"language"}],"version":0}' WHERE `ai` = 1" (applied to [last_seen, settings] columns)
