[2025/03/15 00:41:41]: §9          __             _       
[2025/03/15 00:41:41]: §9  _ __   / /  ___   __ _(_)_ __  
[2025/03/15 00:41:41]: §9 | '_ \ / /  / _ \ / _` | | '_ \ 
[2025/03/15 00:41:41]: §9 | | | / /__| (_) | (_| | | | | |
[2025/03/15 00:41:41]: §9 |_| |_\____/\___/ \__, |_|_| |_|
[2025/03/15 00:41:41]: §9                  |___/            
[2025/03/15 00:41:41]: §9 By: www.nickuc.com - V 10.4.21
[2025/03/15 00:41:41]: §9 
[2025/03/15 00:41:41]: §3[nLogin] [DEBUG] The config.yml file was created successfully.
[2025/03/15 00:41:43]: §3[nLogin] [DEBUG] All settings were loaded in 1566 ms.
[2025/03/15 00:41:43]: §3[nLogin] [DEBUG] Loading the messages_es.yml message file...
[2025/03/15 00:41:43]: §3[nLogin] [DEBUG] All plugin messages were loaded in 62 ms (languageByClient=false).
[2025/03/15 00:41:43]: §3[nLogin] [DEBUG] All proxy settings were loaded in 1 ms.
[2025/03/15 00:41:43]: §3[nLogin] [DEBUG] Loading database...
[2025/03/15 00:41:43]: [nLogin] Generating RSA keypair... (this may take a while)
[2025/03/15 00:41:44]: [nLogin] The RSA key pair was successfully generated. Took 0.94s
[2025/03/15 00:41:44]: §3[nLogin] [DEBUG] Starting logger filter...
[2025/03/15 00:42:14]: 
[2025/03/15 00:42:14]:  §bThank you so much for choosing nLogin! §4<3
[2025/03/15 00:42:14]: 
[2025/03/15 00:42:14]:  §4For your safety, please read the message below:
[2025/03/15 00:42:14]:   §cNever download nLogin from unknown sources.
[2025/03/15 00:42:14]:   §cA modified version may contain malicious software.
[2025/03/15 00:42:14]: 
[2025/03/15 00:42:14]:  §3Trusted sources:
[2025/03/15 00:42:14]:   §bwww.nickuc.com
[2025/03/15 00:42:14]:   §bwww.github.com/nickuc
[2025/03/15 00:42:14]:   §bOpeNLogin installer (from Spigot or GitHub)
[2025/03/15 00:42:14]: 
[2025/03/15 00:42:14]:  §3Official support channels:
[2025/03/15 00:42:14]:   §bDiscord group: §fwww.nickuc.com/discord
[2025/03/15 00:42:14]:   §bDocumentation: §fdocs.nickuc.com/nlogin/
[2025/03/15 00:42:14]:   §bEmail: §fsupport@nickuc.com
[2025/03/15 00:42:14]:   §bYouTube: §fyoutube.com/nickuc
[2025/03/15 00:42:14]: 
[2025/03/15 00:42:14]:  §eTo remove this warning, log in with "nlogin.admin" permission on the server
[2025/03/15 00:42:14]:  §eand click the "Setup plugin" button to configure your plugin.
[2025/03/15 00:42:14]: 
[2025/03/15 00:43:37]: §3[nLogin] [DEBUG] [SQLite] [UPDATE]: "INSERT INTO `nlogin` (`last_name`, `unique_id`, `mojang_id`, `bedrock_id`, `password`, `last_ip`, `creation_date`, `last_seen`, `email`, `discord`, `settings`) VALUES ('THEMONILO', 8ce330b9f7463d8f91749156ece89f7c, null, null, '$2a$10$m3m7G6PbWRkHZz5VJwj4qeoIo30kzN0d5tjE3ifmfYVIbYaJUacFO', '127.181.188.8', '2025-03-15 00:43:37.495', '2025-03-15 00:43:37.495', null, null, '{"settings":[{"value":true,"key":"force-invalid-session"}],"version":0}')" (applied to all columns)
[2025/03/15 00:43:37]: [nLogin] The user THEMONILO has successfully registered.
[2025/03/15 00:44:48]: [nLogin] Successful plugin core shutdown (took 0.00s)
