[2025-03-15 00:41:44] [INFO   ]  Custom Logger Initialized 
[2025-03-15 00:41:44] [INFO   ] [NOTICE] TerraformGenerator will suppress the server's watchdog while generating chunks to prevent unnecessary stacktrace warnings. Unless you specifically need thewatchdog now (to take aikar timings or debug lag), you don't need to take any action. 
[2025-03-15 00:41:44] [INFO   ] It is recommended to pregenerate to reduce lag problems. 
[2025-03-15 00:41:44] [INFO   ] Watchdog Thread hooked. 
[2025-03-15 00:41:44] [INFO   ]  bStats Metrics enabled. 
[2025-03-15 00:41:44] [INFO   ]  Detected version: 1.20, number: 20.0 
[2025-03-15 00:41:44] [INFO   ] Unfreezing biome registry... 
[2025-03-15 00:41:44] [INFO   ] Registered custom biome: muddy_bog 
[2025-03-15 00:41:44] [INFO   ] Registered custom biome: cherry_grove 
[2025-03-15 00:41:44] [INFO   ] Registered custom biome: scarlet_forest 
[2025-03-15 00:41:44] [INFO   ] Registered custom biome: crystalline_cluster 
[2025-03-15 00:41:44] [INFO   ] Freezing biome registry 
[2025-03-15 00:41:45] [INFO   ] [Structure Registry] Registered Large Structure: VillageHousePopulator 
[2025-03-15 00:41:45] [INFO   ] [Structure Registry] Registered Large Structure: VillagePopulator 
[2025-03-15 00:41:45] [INFO   ] [Structure Registry] Registered Large Structure: OutpostPopulator 
[2025-03-15 00:41:45] [INFO   ] [Structure Registry] Registered Large Structure: PyramidPopulator 
[2025-03-15 00:41:45] [INFO   ] [Structure Registry] Registered Large Structure: MonumentPopulator 
[2025-03-15 00:41:45] [INFO   ] [Structure Registry] Registered Large Structure: StrongholdPopulator 
[2025-03-15 00:41:45] [INFO   ] [Structure Registry] Registered Large Structure: MansionPopulator 
[2025-03-15 00:41:45] [INFO   ] [Structure Registry] Registered Large Structure: AncientCityPopulator 
[2025-03-15 00:41:45] [INFO   ] [Structure Registry] Registered Large Structure: LargeCavePopulator 
[2025-03-15 00:41:45] [INFO   ] [Structure Registry] Registered Large Structure: MineshaftPopulator 
[2025-03-15 00:41:45] [INFO   ] [Structure Registry] Registered Large Structure: CatacombsPopulator 
[2025-03-15 00:41:45] [INFO   ] [Structure Registry] Registered Large Structure: BadlandsMinePopulator 
[2025-03-15 00:41:45] [INFO   ] [Structure Registry] Registered Large Structure: WarmOceanRuinsPopulator 
[2025-03-15 00:41:45] [INFO   ] [Structure Registry] Registered Large Structure: TrailRuinsPopulator 
[2025-03-15 00:41:45] [INFO   ] [Structure Registry] Registered Small Structure: SmallDungeonPopulator 
[2025-03-15 00:41:45] [INFO   ] [Structure Registry] Registered Small Structure: ShipwreckPopulator 
[2025-03-15 00:41:45] [INFO   ] [Structure Registry] Registered Small Structure: BuriedTreasurePopulator 
[2025-03-15 00:41:45] [INFO   ] [Structure Registry] Registered Small Structure: RuinedPortalPopulator 
[2025-03-15 00:41:45] [INFO   ] [Structure Registry] Registered Small Structure: IglooPopulator 
[2025-03-15 00:41:45] [INFO   ] [Structure Registry] Registered Small Structure: DesertWellPopulator 
[2025-03-15 00:41:45] [INFO   ] [Structure Registry] Registered Small Structure: WitchHutPopulator 
[2025-03-15 00:45:31] [INFO   ]  Custom Logger Initialized 
[2025-03-15 00:45:31] [INFO   ] [NOTICE] TerraformGenerator will suppress the server's watchdog while generating chunks to prevent unnecessary stacktrace warnings. Unless you specifically need thewatchdog now (to take aikar timings or debug lag), you don't need to take any action. 
[2025-03-15 00:45:31] [INFO   ] It is recommended to pregenerate to reduce lag problems. 
[2025-03-15 00:45:31] [INFO   ] Watchdog Thread hooked. 
[2025-03-15 00:45:31] [INFO   ]  bStats Metrics enabled. 
[2025-03-15 00:45:31] [INFO   ]  Detected version: 1.20, number: 20.0 
[2025-03-15 00:45:31] [INFO   ] Unfreezing biome registry... 
[2025-03-15 00:45:31] [INFO   ] Registered custom biome: muddy_bog 
[2025-03-15 00:45:31] [INFO   ] Registered custom biome: cherry_grove 
[2025-03-15 00:45:31] [INFO   ] Registered custom biome: scarlet_forest 
[2025-03-15 00:45:31] [INFO   ] Registered custom biome: crystalline_cluster 
[2025-03-15 00:45:31] [INFO   ] Freezing biome registry 
[2025-03-15 00:45:31] [INFO   ] [Structure Registry] Registered Large Structure: VillageHousePopulator 
[2025-03-15 00:45:31] [INFO   ] [Structure Registry] Registered Large Structure: VillagePopulator 
[2025-03-15 00:45:31] [INFO   ] [Structure Registry] Registered Large Structure: OutpostPopulator 
[2025-03-15 00:45:31] [INFO   ] [Structure Registry] Registered Large Structure: PyramidPopulator 
[2025-03-15 00:45:31] [INFO   ] [Structure Registry] Registered Large Structure: MonumentPopulator 
[2025-03-15 00:45:31] [INFO   ] [Structure Registry] Registered Large Structure: StrongholdPopulator 
[2025-03-15 00:45:31] [INFO   ] [Structure Registry] Registered Large Structure: MansionPopulator 
[2025-03-15 00:45:31] [INFO   ] [Structure Registry] Registered Large Structure: AncientCityPopulator 
[2025-03-15 00:45:31] [INFO   ] [Structure Registry] Registered Large Structure: LargeCavePopulator 
[2025-03-15 00:45:31] [INFO   ] [Structure Registry] Registered Large Structure: MineshaftPopulator 
[2025-03-15 00:45:31] [INFO   ] [Structure Registry] Registered Large Structure: CatacombsPopulator 
[2025-03-15 00:45:31] [INFO   ] [Structure Registry] Registered Large Structure: BadlandsMinePopulator 
[2025-03-15 00:45:31] [INFO   ] [Structure Registry] Registered Large Structure: WarmOceanRuinsPopulator 
[2025-03-15 00:45:31] [INFO   ] [Structure Registry] Registered Large Structure: TrailRuinsPopulator 
[2025-03-15 00:45:31] [INFO   ] [Structure Registry] Registered Small Structure: SmallDungeonPopulator 
[2025-03-15 00:45:31] [INFO   ] [Structure Registry] Registered Small Structure: ShipwreckPopulator 
[2025-03-15 00:45:31] [INFO   ] [Structure Registry] Registered Small Structure: BuriedTreasurePopulator 
[2025-03-15 00:45:31] [INFO   ] [Structure Registry] Registered Small Structure: RuinedPortalPopulator 
[2025-03-15 00:45:31] [INFO   ] [Structure Registry] Registered Small Structure: IglooPopulator 
[2025-03-15 00:45:31] [INFO   ] [Structure Registry] Registered Small Structure: DesertWellPopulator 
[2025-03-15 00:45:31] [INFO   ] [Structure Registry] Registered Small Structure: WitchHutPopulator 
[2025-03-15 00:45:31] [INFO   ] Creating TW instance: world - -4276936373764432271 
[2025-03-15 00:45:32] [INFO   ]  Detected world: world, commencing injection...  
[2025-03-15 00:45:32] [INFO   ] Creating TW instance: world - -4276936373764432271 
[2025-03-15 00:45:32] [INFO   ] NMSChunkGenerator Delegate is of type CustomChunkGenerator 
[2025-03-15 00:45:32] [INFO   ] Java 14+ detected. 
[2025-03-15 00:45:32] [INFO   ]  Injection success! Proceeding with generation. 
[2025-03-15 00:45:33] [INFO   ]  world loaded. 
[2025-03-15 00:45:48] [INFO   ] Will spawn stronghold at: 1225, 692 
[2025-03-15 00:45:48] [INFO   ] Spawning MossyCavePopulator at -16,-28,0 
[2025-03-15 00:45:48] [INFO   ] Spawning DeepCavePopulator at -16,-47,11 
[2025-03-15 00:45:48] [INFO   ] Large Cave at 320,14,-192 has water level > -27 with populator MushroomCavePopulator 
[2025-03-15 00:45:49] [INFO   ] Calculated structure at 0,-1 
[2025-03-15 00:45:49] [INFO   ] Large Cave at -192,7,-192 has water level > -22 with populator GenericLargeCavePopulator 
[2025-03-15 00:45:49] [INFO   ] Calculated structure at -1,-1 
[2025-03-15 00:45:49] [INFO   ] Large Cave at 320,18,320 has water level > -28 with populator GenericLargeCavePopulator 
[2025-03-15 00:45:50] [INFO   ] Calculated structure at 0,1 
[2025-03-15 00:46:01] [INFO   ] Spawning CaveFluidClusterPopulator at -85,-25,-87 
[2025-03-15 00:46:02] [INFO   ] Spawning DripstoneClusterCavePopulator at -18,42,-115 
[2025-03-15 00:46:02] [INFO   ] Spawning CrystallineClusterCavePopulator at -118,25,-4 
[2025-03-15 00:46:03] [INFO   ] Spawning LushClusterCavePopulator at -85,12,70 
[2025-03-15 00:46:12] [INFO   ] Generating org.terraform.structure.small.shipwreck.ShipwreckPopulator at chunk: -12,5 
[2025-03-15 00:46:12] [INFO   ] Spawning shipwreck at -177, 34, 84 with rotation of SOUTH 
[2025-03-15 00:46:13] [INFO   ] Spawning FrozenCavePopulator at 79,-2,207 
[2025-03-15 00:46:20] [INFO   ] Generating org.terraform.structure.caves.LargeCavePopulator at chunk: -12,-12 
[2025-03-15 00:48:34] [INFO   ] Generating org.terraform.structure.caves.LargeCavePopulator at chunk: 20,-12 
[2025-03-15 00:59:57] [INFO   ] Generating org.terraform.structure.small.dungeon.SmallDungeonPopulator at chunk: 18,8 
[2025-03-15 00:59:57] [INFO   ] Spawning Underground Dungeon at 295,22,131 
[2025-03-15 01:08:08] [INFO   ] Large Cave at 832,19,320 has water level > -18 with populator LargeLushCavePopulator 
[2025-03-15 01:08:08] [INFO   ] Calculated structure at 32,6 
[2025-03-15 01:08:10] [INFO   ] Large Cave at 832,43,-192 has water level > -32 with populator LargeLushCavePopulator 
[2025-03-15 01:08:10] [INFO   ] Calculated structure at 32,-1 
[2025-03-15 01:09:36] [INFO   ] Generating org.terraform.structure.caves.LargeCavePopulator at chunk: 20,20 
[2025-03-15 01:09:38] [INFO   ] Spawning ForestedMountainsCavePopulator at 388,26,346 
[2025-03-15 02:18:14] [INFO   ]  Custom Logger Initialized 
[2025-03-15 02:18:14] [INFO   ] [NOTICE] TerraformGenerator will suppress the server's watchdog while generating chunks to prevent unnecessary stacktrace warnings. Unless you specifically need thewatchdog now (to take aikar timings or debug lag), you don't need to take any action. 
[2025-03-15 02:18:14] [INFO   ] It is recommended to pregenerate to reduce lag problems. 
[2025-03-15 02:18:14] [INFO   ] Watchdog Thread hooked. 
[2025-03-15 02:18:14] [INFO   ]  bStats Metrics enabled. 
[2025-03-15 02:18:14] [INFO   ]  Detected version: 1.20, number: 20.0 
[2025-03-15 02:18:14] [INFO   ] Unfreezing biome registry... 
[2025-03-15 02:18:14] [INFO   ] Registered custom biome: muddy_bog 
[2025-03-15 02:18:14] [INFO   ] Registered custom biome: cherry_grove 
[2025-03-15 02:18:14] [INFO   ] Registered custom biome: scarlet_forest 
[2025-03-15 02:18:14] [INFO   ] Registered custom biome: crystalline_cluster 
[2025-03-15 02:18:14] [INFO   ] Freezing biome registry 
[2025-03-15 02:18:14] [INFO   ] [Structure Registry] Registered Large Structure: VillageHousePopulator 
[2025-03-15 02:18:14] [INFO   ] [Structure Registry] Registered Large Structure: VillagePopulator 
[2025-03-15 02:18:14] [INFO   ] [Structure Registry] Registered Large Structure: OutpostPopulator 
[2025-03-15 02:18:14] [INFO   ] [Structure Registry] Registered Large Structure: PyramidPopulator 
[2025-03-15 02:18:14] [INFO   ] [Structure Registry] Registered Large Structure: MonumentPopulator 
[2025-03-15 02:18:14] [INFO   ] [Structure Registry] Registered Large Structure: StrongholdPopulator 
[2025-03-15 02:18:14] [INFO   ] [Structure Registry] Registered Large Structure: MansionPopulator 
[2025-03-15 02:18:14] [INFO   ] [Structure Registry] Registered Large Structure: AncientCityPopulator 
[2025-03-15 02:18:14] [INFO   ] [Structure Registry] Registered Large Structure: LargeCavePopulator 
[2025-03-15 02:18:14] [INFO   ] [Structure Registry] Registered Large Structure: MineshaftPopulator 
[2025-03-15 02:18:14] [INFO   ] [Structure Registry] Registered Large Structure: CatacombsPopulator 
[2025-03-15 02:18:14] [INFO   ] [Structure Registry] Registered Large Structure: BadlandsMinePopulator 
[2025-03-15 02:18:14] [INFO   ] [Structure Registry] Registered Large Structure: WarmOceanRuinsPopulator 
[2025-03-15 02:18:14] [INFO   ] [Structure Registry] Registered Large Structure: TrailRuinsPopulator 
[2025-03-15 02:18:14] [INFO   ] [Structure Registry] Registered Small Structure: SmallDungeonPopulator 
[2025-03-15 02:18:14] [INFO   ] [Structure Registry] Registered Small Structure: ShipwreckPopulator 
[2025-03-15 02:18:14] [INFO   ] [Structure Registry] Registered Small Structure: BuriedTreasurePopulator 
[2025-03-15 02:18:14] [INFO   ] [Structure Registry] Registered Small Structure: RuinedPortalPopulator 
[2025-03-15 02:18:14] [INFO   ] [Structure Registry] Registered Small Structure: IglooPopulator 
[2025-03-15 02:18:14] [INFO   ] [Structure Registry] Registered Small Structure: DesertWellPopulator 
[2025-03-15 02:18:14] [INFO   ] [Structure Registry] Registered Small Structure: WitchHutPopulator 
[2025-03-15 02:18:14] [INFO   ] Creating TW instance: world - -4276936373764432271 
[2025-03-15 02:18:15] [INFO   ]  Detected world: world, commencing injection...  
[2025-03-15 02:18:15] [INFO   ] Creating TW instance: world - -4276936373764432271 
[2025-03-15 02:18:15] [INFO   ] NMSChunkGenerator Delegate is of type CustomChunkGenerator 
[2025-03-15 02:18:15] [INFO   ] Java 14+ detected. 
[2025-03-15 02:18:15] [INFO   ]  Injection success! Proceeding with generation. 
[2025-03-15 02:18:15] [INFO   ]  world loaded. 
[2025-03-15 02:36:58] [INFO   ] Will spawn stronghold at: 1225, 692 
[2025-03-15 02:36:58] [INFO   ] Spawning MossyCavePopulator at 416,-8,-384 
[2025-03-15 02:36:58] [INFO   ] Spawning FrozenCavePopulator at 418,39,-369 
[2025-03-15 02:36:58] [INFO   ] Large Cave at 320,14,-192 has water level > -27 with populator MushroomCavePopulator 
[2025-03-15 02:36:58] [INFO   ] Calculated structure at 26,-24 
[2025-03-15 02:36:59] [INFO   ] Spawning DeepCavePopulator at 452,-35,-384 
[2025-03-15 02:37:06] [INFO   ] Spawning CaveFluidClusterPopulator at 435,-23,-394 
[2025-03-15 02:43:53] [INFO   ] Large Cave at 832,43,-192 has water level > -32 with populator LargeLushCavePopulator 
[2025-03-15 02:43:54] [INFO   ] Calculated structure at 32,-24 
[2025-03-15 02:44:00] [INFO   ] Spawning LushClusterCavePopulator at 491,9,-391 
[2025-03-15 02:44:12] [INFO   ] Spawning DripstoneClusterCavePopulator at 555,4,-377 
[2025-03-15 02:45:45] [INFO   ] Spawning CrystallineClusterCavePopulator at 198,-32,-449 
[2025-03-15 02:45:58] [INFO   ] Registered: org.terraform.structure.mineshaft.ShaftRoomPopulator at 318 4 -705 in a room of size 14x15 
[2025-03-15 02:45:58] [INFO   ] Registered: org.terraform.structure.mineshaft.ShaftRoomPopulator at 331 4 -673 in a room of size 13x15 
[2025-03-15 02:45:58] [INFO   ] Registered: org.terraform.structure.mineshaft.SmeltingHallPopulator at 345 4 -700 in a room of size 15x14 
[2025-03-15 02:45:58] [INFO   ] Registered: org.terraform.structure.mineshaft.SmeltingHallPopulator at 369 4 -680 in a room of size 13x14 
[2025-03-15 02:45:58] [INFO   ] Registered: org.terraform.structure.mineshaft.CaveSpiderDenPopulator at 305 4 -747 in a room of size 15x14 
[2025-03-15 02:45:58] [INFO   ] Registered: org.terraform.structure.mineshaft.CaveSpiderDenPopulator at 307 4 -681 in a room of size 13x15 
[2025-03-15 02:45:58] [INFO   ] Registered: org.terraform.structure.mineshaft.ShaftRoomPopulator at 289 4 -763 in a room of size 13x14 
[2025-03-15 02:45:58] [INFO   ] Registered: org.terraform.structure.mineshaft.ShaftRoomPopulator at 265 4 -633 in a room of size 14x15 
[2025-03-15 02:45:58] [INFO   ] Registered: org.terraform.structure.mineshaft.SmeltingHallPopulator at 291 4 -727 in a room of size 15x14 
[2025-03-15 02:45:58] [INFO   ] Registered: org.terraform.structure.mineshaft.ShaftTopPopulator at 265 19 -633 in a room of size 14x5 
[2025-03-15 02:45:58] [INFO   ] Registered: org.terraform.structure.mineshaft.CaveSpiderDenPopulator at 282 19 -661 in a room of size 14x15 
[2025-03-15 02:45:58] [INFO   ] Registered: org.terraform.structure.mineshaft.SmeltingHallPopulator at 372 19 -633 in a room of size 15x14 
[2025-03-15 02:45:58] [INFO   ] Registered: org.terraform.structure.mineshaft.SmeltingHallPopulator at 321 19 -658 in a room of size 13x13 
[2025-03-15 02:45:58] [INFO   ] Registered: org.terraform.structure.mineshaft.ShaftTopPopulator at 289 19 -763 in a room of size 13x6 
[2025-03-15 02:45:58] [INFO   ] Registered: org.terraform.structure.mineshaft.SmeltingHallPopulator at 341 19 -688 in a room of size 13x14 
[2025-03-15 02:45:58] [INFO   ] Registered: org.terraform.structure.mineshaft.SmeltingHallPopulator at 301 19 -640 in a room of size 13x14 
[2025-03-15 02:45:58] [INFO   ] Registered: org.terraform.structure.mineshaft.ShaftTopPopulator at 318 19 -705 in a room of size 14x6 
[2025-03-15 02:45:58] [INFO   ] Registered: org.terraform.structure.mineshaft.SmeltingHallPopulator at 350 19 -771 in a room of size 15x15 
[2025-03-15 02:45:58] [INFO   ] Registered: org.terraform.structure.mineshaft.CaveSpiderDenPopulator at 353 19 -731 in a room of size 15x14 
[2025-03-15 02:45:58] [INFO   ] Registered: org.terraform.structure.mineshaft.CaveSpiderDenPopulator at 250 19 -695 in a room of size 15x14 
[2025-03-15 02:45:58] [INFO   ] Registered: org.terraform.structure.mineshaft.SmeltingHallPopulator at 276 19 -742 in a room of size 13x14 
[2025-03-15 02:45:58] [INFO   ] Registered: org.terraform.structure.mineshaft.CaveSpiderDenPopulator at 254 19 -645 in a room of size 14x15 
[2025-03-15 02:45:58] [INFO   ] Registered: org.terraform.structure.mineshaft.ShaftTopPopulator at 331 19 -673 in a room of size 13x5 
[2025-03-15 02:45:58] [INFO   ] Calculated structure at 20,-33 
[2025-03-15 02:45:58] [INFO   ] Registered: org.terraform.structure.mineshaft.ShaftRoomPopulator at 813 20 -643 in a room of size 15x14 
[2025-03-15 02:45:58] [INFO   ] Registered: org.terraform.structure.mineshaft.SmeltingHallPopulator at 863 20 -751 in a room of size 14x13 
[2025-03-15 02:45:58] [INFO   ] Registered: org.terraform.structure.mineshaft.CaveSpiderDenPopulator at 900 20 -686 in a room of size 15x15 
[2025-03-15 02:45:58] [INFO   ] Registered: org.terraform.structure.mineshaft.SmeltingHallPopulator at 808 20 -773 in a room of size 15x14 
[2025-03-15 02:45:58] [INFO   ] Registered: org.terraform.structure.mineshaft.ShaftRoomPopulator at 832 20 -735 in a room of size 15x15 
[2025-03-15 02:45:58] [INFO   ] Registered: org.terraform.structure.mineshaft.CaveSpiderDenPopulator at 857 20 -730 in a room of size 14x15 
[2025-03-15 02:45:58] [INFO   ] Registered: org.terraform.structure.mineshaft.CaveSpiderDenPopulator at 828 20 -680 in a room of size 14x14 
[2025-03-15 02:45:58] [INFO   ] Registered: org.terraform.structure.mineshaft.CaveSpiderDenPopulator at 903 20 -656 in a room of size 14x13 
[2025-03-15 02:45:58] [INFO   ] Registered: org.terraform.structure.mineshaft.SmeltingHallPopulator at 828 20 -655 in a room of size 13x13 
[2025-03-15 02:45:58] [INFO   ] Registered: org.terraform.structure.mineshaft.CaveSpiderDenPopulator at 776 20 -737 in a room of size 13x13 
[2025-03-15 02:45:58] [INFO   ] Registered: org.terraform.structure.mineshaft.CaveSpiderDenPopulator at 762 35 -742 in a room of size 14x13 
[2025-03-15 02:45:58] [INFO   ] Registered: org.terraform.structure.mineshaft.ShaftTopPopulator at 813 35 -643 in a room of size 15x7 
[2025-03-15 02:45:58] [INFO   ] Registered: org.terraform.structure.mineshaft.CaveSpiderDenPopulator at 877 35 -771 in a room of size 15x15 
[2025-03-15 02:45:58] [INFO   ] Registered: org.terraform.structure.mineshaft.SmeltingHallPopulator at 810 35 -737 in a room of size 15x13 
[2025-03-15 02:45:58] [INFO   ] Registered: org.terraform.structure.mineshaft.CaveSpiderDenPopulator at 817 35 -722 in a room of size 14x15 
[2025-03-15 02:45:58] [INFO   ] Registered: org.terraform.structure.mineshaft.ShaftTopPopulator at 832 35 -735 in a room of size 15x6 
[2025-03-15 02:45:58] [INFO   ] Registered: org.terraform.structure.mineshaft.CaveSpiderDenPopulator at 773 35 -672 in a room of size 14x14 
[2025-03-15 02:45:58] [INFO   ] Registered: org.terraform.structure.mineshaft.CaveSpiderDenPopulator at 898 35 -760 in a room of size 15x13 
[2025-03-15 02:45:58] [INFO   ] Calculated structure at 32,-33 
[2025-03-15 02:47:08] [INFO   ] Large Cave at -192,7,-192 has water level > -22 with populator GenericLargeCavePopulator 
[2025-03-15 02:47:08] [INFO   ] Calculated structure at -1,-28 
[2025-03-15 02:48:45] [INFO   ] Generating org.terraform.structure.small.ruinedportal.RuinedPortalPopulator at chunk: 48,-5 
[2025-03-15 02:51:51] [INFO   ] Large Cave at 832,19,320 has water level > -18 with populator LargeLushCavePopulator 
[2025-03-15 02:51:51] [INFO   ] Calculated structure at 39,0 
[2025-03-15 03:31:10] [INFO   ] Generating org.terraform.structure.caves.LargeCavePopulator at chunk: 52,-12 
[2025-03-15 03:35:03] [INFO   ] Minecart with chest at: 813, 35, -696 
[2025-03-15 03:35:03] [INFO   ] Minecart with chest at: 861, 20, -691 
[2025-03-15 03:35:08] [INFO   ] Minecart with chest at: 813, 20, -706 
[2025-03-15 03:35:08] [INFO   ] Minecart with chest at: 813, 35, -717 
[2025-03-15 03:35:08] [INFO   ] Minecart with chest at: 828, 20, -705 
[2025-03-15 03:35:08] [INFO   ] Generating org.terraform.structure.mineshaft.MineshaftPopulator at chunk: 52,-44 
[2025-03-15 03:44:58] [INFO   ] Generating org.terraform.structure.small.shipwreck.ShipwreckPopulator at chunk: 43,-54 
[2025-03-15 03:44:58] [INFO   ] Spawning shipwreck at 689, 41, -849 with rotation of NORTH 
[2025-03-15 03:45:17] [INFO   ] Generating org.terraform.structure.small.ruinedportal.RuinedPortalPopulator at chunk: 47,-56 
[2025-03-15 03:47:19] [INFO   ] Generating org.terraform.structure.small.buriedtreasure.BuriedTreasurePopulator at chunk: 25,-43 
[2025-03-15 03:51:14] [INFO   ] Minecart with chest at: 355, 4, -678 
[2025-03-15 04:14:51] [INFO   ] Minecart with chest at: 348, 19, -766 
[2025-03-15 04:18:45] [INFO   ] Minecart with chest at: 330, 4, -689 
[2025-03-15 04:18:45] [INFO   ] Minecart with chest at: 330, 4, -683 
[2025-03-15 04:18:53] [INFO   ] Generating org.terraform.structure.mineshaft.MineshaftPopulator at chunk: 20,-44 
[2025-03-15 04:19:09] [INFO   ] Minecart with chest at: 276, 19, -687 
[2025-03-15 04:19:09] [INFO   ] Minecart with chest at: 279, 19, -672 
[2025-03-15 04:19:12] [INFO   ] Minecart with chest at: 264, 19, -647 
[2025-03-15 04:19:20] [INFO   ] Minecart with chest at: 249, 19, -705 
[2025-03-15 04:19:20] [INFO   ] Generating org.terraform.structure.small.dungeon.SmallDungeonPopulator at chunk: 15,-39 
[2025-03-15 04:19:20] [INFO   ] Spawning Underground Dungeon at 242,56,-620 
