[01:37:09] ---- BEAUTYQUESTS LOGGER - OPENED Fri Mar 14 01:37:09 UTC 2025 ----
[01:37:20] [INFO] Enabling BeautyQuests v1.0.4
[01:37:20] [INFO] ------------ BeautyQuests ------------
[01:37:20] [DEBUG] Paper detected.
[01:37:20] [INFO] Loaded valid Minecraft version 1_20_R1.
[01:37:20] [DEBUG] Loading data file, last time edited : Fri Mar 14 01:27:39 UTC 2025
[01:37:21] [INFO] Loaded language en_US (0.099s)!
[01:37:21] [WARNING] Loading of start particles failed: Invalid particle, color or shape.
[01:37:21] [ERROR] new #0: java.lang.IllegalArgumentException: No enum constant org.bukkit.Particle.DUST
	at java.base/java.lang.Enum.valueOf(Enum.java:273)
	at org.bukkit.Particle.valueOf(Particle.java:9)
	at beautyquests-1.0.4.jar//fr.skytasul.quests.utils.ParticleEffect.deserialize(ParticleEffect.java:129)
	at beautyquests-1.0.4.jar//fr.skytasul.quests.QuestsConfigurationImplementation.loadParticles(QuestsConfigurationImplementation.java:166)
	at beautyquests-1.0.4.jar//fr.skytasul.quests.QuestsConfigurationImplementation.init(QuestsConfigurationImplementation.java:114)
	at beautyquests-1.0.4.jar//fr.skytasul.quests.BeautyQuests.loadConfigParameters(BeautyQuests.java:385)
	at beautyquests-1.0.4.jar//fr.skytasul.quests.BeautyQuests.onEnable(BeautyQuests.java:150)
	at org.bukkit.plugin.java.JavaPlugin.setEnabled(JavaPlugin.java:281)
	at io.papermc.paper.plugin.manager.PaperPluginInstanceManager.enablePlugin(PaperPluginInstanceManager.java:189)
	at io.papermc.paper.plugin.manager.PaperPluginManagerImpl.enablePlugin(PaperPluginManagerImpl.java:104)
	at org.bukkit.plugin.SimplePluginManager.enablePlugin(SimplePluginManager.java:507)
	at org.bukkit.craftbukkit.v1_20_R1.CraftServer.enablePlugin(CraftServer.java:642)
	at org.bukkit.craftbukkit.v1_20_R1.CraftServer.enablePlugins(CraftServer.java:553)
	at net.minecraft.server.MinecraftServer.loadWorld0(MinecraftServer.java:635)
	at net.minecraft.server.MinecraftServer.loadLevel(MinecraftServer.java:434)
	at net.minecraft.server.dedicated.DedicatedServer.e(DedicatedServer.java:308)
	at net.minecraft.server.MinecraftServer.w(MinecraftServer.java:1100)
	at net.minecraft.server.MinecraftServer.lambda$spin$0(MinecraftServer.java:317)
	at java.base/java.lang.Thread.run(Thread.java:840)

[01:37:21] [INFO] Loaded start particles: REDSTONE in shape POINT with color R255 G255 B0
[01:37:21] [WARNING] Loading of talk particles failed: Invalid particle, color or shape.
[01:37:21] [ERROR] new #1: java.lang.IllegalArgumentException: No enum constant org.bukkit.Particle.HAPPY_VILLAGER
	at java.base/java.lang.Enum.valueOf(Enum.java:273)
	at org.bukkit.Particle.valueOf(Particle.java:9)
	at beautyquests-1.0.4.jar//fr.skytasul.quests.utils.ParticleEffect.deserialize(ParticleEffect.java:129)
	at beautyquests-1.0.4.jar//fr.skytasul.quests.QuestsConfigurationImplementation.loadParticles(QuestsConfigurationImplementation.java:166)
	at beautyquests-1.0.4.jar//fr.skytasul.quests.QuestsConfigurationImplementation.init(QuestsConfigurationImplementation.java:116)
	at beautyquests-1.0.4.jar//fr.skytasul.quests.BeautyQuests.loadConfigParameters(BeautyQuests.java:385)
	at beautyquests-1.0.4.jar//fr.skytasul.quests.BeautyQuests.onEnable(BeautyQuests.java:150)
	at org.bukkit.plugin.java.JavaPlugin.setEnabled(JavaPlugin.java:281)
	at io.papermc.paper.plugin.manager.PaperPluginInstanceManager.enablePlugin(PaperPluginInstanceManager.java:189)
	at io.papermc.paper.plugin.manager.PaperPluginManagerImpl.enablePlugin(PaperPluginManagerImpl.java:104)
	at org.bukkit.plugin.SimplePluginManager.enablePlugin(SimplePluginManager.java:507)
	at org.bukkit.craftbukkit.v1_20_R1.CraftServer.enablePlugin(CraftServer.java:642)
	at org.bukkit.craftbukkit.v1_20_R1.CraftServer.enablePlugins(CraftServer.java:553)
	at net.minecraft.server.MinecraftServer.loadWorld0(MinecraftServer.java:635)
	at net.minecraft.server.MinecraftServer.loadLevel(MinecraftServer.java:434)
	at net.minecraft.server.dedicated.DedicatedServer.e(DedicatedServer.java:308)
	at net.minecraft.server.MinecraftServer.w(MinecraftServer.java:1100)
	at net.minecraft.server.MinecraftServer.lambda$spin$0(MinecraftServer.java:317)
	at java.base/java.lang.Thread.run(Thread.java:840)

[01:37:21] [INFO] Loaded talk particles: VILLAGER_HAPPY in shape BAR
[01:37:21] [WARNING] Loading of next particles failed: Invalid particle, color or shape.
[01:37:21] [ERROR] new #2: java.lang.IllegalArgumentException: No enum constant org.bukkit.Particle.SMOKE
	at java.base/java.lang.Enum.valueOf(Enum.java:273)
	at org.bukkit.Particle.valueOf(Particle.java:9)
	at beautyquests-1.0.4.jar//fr.skytasul.quests.utils.ParticleEffect.deserialize(ParticleEffect.java:129)
	at beautyquests-1.0.4.jar//fr.skytasul.quests.QuestsConfigurationImplementation.loadParticles(QuestsConfigurationImplementation.java:166)
	at beautyquests-1.0.4.jar//fr.skytasul.quests.QuestsConfigurationImplementation.init(QuestsConfigurationImplementation.java:119)
	at beautyquests-1.0.4.jar//fr.skytasul.quests.BeautyQuests.loadConfigParameters(BeautyQuests.java:385)
	at beautyquests-1.0.4.jar//fr.skytasul.quests.BeautyQuests.onEnable(BeautyQuests.java:150)
	at org.bukkit.plugin.java.JavaPlugin.setEnabled(JavaPlugin.java:281)
	at io.papermc.paper.plugin.manager.PaperPluginInstanceManager.enablePlugin(PaperPluginInstanceManager.java:189)
	at io.papermc.paper.plugin.manager.PaperPluginManagerImpl.enablePlugin(PaperPluginManagerImpl.java:104)
	at org.bukkit.plugin.SimplePluginManager.enablePlugin(SimplePluginManager.java:507)
	at org.bukkit.craftbukkit.v1_20_R1.CraftServer.enablePlugin(CraftServer.java:642)
	at org.bukkit.craftbukkit.v1_20_R1.CraftServer.enablePlugins(CraftServer.java:553)
	at net.minecraft.server.MinecraftServer.loadWorld0(MinecraftServer.java:635)
	at net.minecraft.server.MinecraftServer.loadLevel(MinecraftServer.java:434)
	at net.minecraft.server.dedicated.DedicatedServer.e(DedicatedServer.java:308)
	at net.minecraft.server.MinecraftServer.w(MinecraftServer.java:1100)
	at net.minecraft.server.MinecraftServer.lambda$spin$0(MinecraftServer.java:317)
	at java.base/java.lang.Thread.run(Thread.java:840)

[01:37:21] [INFO] Loaded next particles: SMOKE_NORMAL in shape SPOT
[01:37:21] [DEBUG] Initializing default stage types.
[01:37:21] [DEBUG] Stage registered (Mobs, 0)
[01:37:21] [DEBUG] Stage registered (Mine, 1)
[01:37:21] [DEBUG] Stage registered (Place, 2)
[01:37:21] [DEBUG] Stage registered (Chat, 3)
[01:37:21] [DEBUG] Stage registered (InteractBlock, 4)
[01:37:21] [DEBUG] Stage registered (InteractLocation, 5)
[01:37:21] [DEBUG] Stage registered (Fish, 6)
[01:37:21] [DEBUG] Stage registered (Melt, 7)
[01:37:21] [DEBUG] Stage registered (Enchant, 8)
[01:37:21] [DEBUG] Stage registered (Craft, 9)
[01:37:21] [DEBUG] Stage registered (Bucket, 10)
[01:37:21] [DEBUG] Stage registered (StageLocation, 11)
[01:37:21] [DEBUG] Stage registered (PlayTime, 12)
[01:37:21] [DEBUG] Stage registered (Breed, 13)
[01:37:21] [DEBUG] Stage registered (Tame, 14)
[01:37:21] [DEBUG] Stage registered (Death, 15)
[01:37:21] [DEBUG] Stage registered (DealDamage, 16)
[01:37:21] [DEBUG] Stage registered (EatDrink, 17)
[01:37:21] [DEBUG] Initializing default quest options.
[01:37:21] [DEBUG] Quest option registered (id: pool)
[01:37:21] [DEBUG] Quest option registered (id: name)
[01:37:21] [DEBUG] Quest option registered (id: description)
[01:37:21] [DEBUG] Quest option registered (id: customItem)
[01:37:21] [DEBUG] Quest option registered (id: confirmMessage)
[01:37:21] [DEBUG] Quest option registered (id: bypassLimit)
[01:37:21] [DEBUG] Quest option registered (id: startableFromGUI)
[01:37:21] [DEBUG] Quest option registered (id: failOnDeath)
[01:37:21] [DEBUG] Quest option registered (id: cancellable)
[01:37:21] [DEBUG] Quest option registered (id: cancelActions)
[01:37:21] [DEBUG] Quest option registered (id: scoreboard)
[01:37:21] [DEBUG] Quest option registered (id: hideNoRequirements)
[01:37:21] [DEBUG] Quest option registered (id: auto)
[01:37:21] [DEBUG] Quest option registered (id: repeatable)
[01:37:21] [DEBUG] Quest option registered (id: timer)
[01:37:21] [DEBUG] Quest option registered (id: visibility)
[01:37:21] [DEBUG] Quest option registered (id: endSound)
[01:37:21] [DEBUG] Quest option registered (id: firework)
[01:37:21] [DEBUG] Quest option registered (id: requirements)
[01:37:21] [DEBUG] Quest option registered (id: startRewards)
[01:37:21] [DEBUG] Quest option registered (id: startMessage)
[01:37:21] [DEBUG] Quest option registered (id: endRewards)
[01:37:21] [DEBUG] Quest option registered (id: endMsg)
[01:37:21] [DEBUG] Initializing default item comparisons.
[01:37:21] [DEBUG] Item comparison registered (id: bukkit)
[01:37:21] [DEBUG] Item comparison registered (id: customBukkit)
[01:37:21] [DEBUG] Item comparison registered (id: material)
[01:37:21] [DEBUG] Item comparison registered (id: name)
[01:37:21] [DEBUG] Item comparison registered (id: lore)
[01:37:21] [DEBUG] Item comparison registered (id: enchants)
[01:37:21] [DEBUG] Item comparison registered (id: repair)
[01:37:21] [DEBUG] Initializing default rewards.
[01:37:21] [DEBUG] Quest object registered in registry rewards (id: commandReward, class: fr.skytasul.quests.rewards.CommandReward)
[01:37:21] [DEBUG] Quest object registered in registry rewards (id: itemReward, class: fr.skytasul.quests.rewards.ItemReward)
[01:37:21] [DEBUG] Quest object registered in registry rewards (id: removeItemsReward, class: fr.skytasul.quests.rewards.RemoveItemsReward)
[01:37:21] [DEBUG] Quest object registered in registry rewards (id: textReward, class: fr.skytasul.quests.rewards.MessageReward)
[01:37:21] [DEBUG] Quest object registered in registry rewards (id: tpReward, class: fr.skytasul.quests.rewards.TeleportationReward)
[01:37:21] [DEBUG] Quest object registered in registry rewards (id: expReward, class: fr.skytasul.quests.rewards.XPReward)
[01:37:21] [DEBUG] Quest object registered in registry rewards (id: checkpointReward, class: fr.skytasul.quests.rewards.CheckpointReward)
[01:37:21] [DEBUG] Quest object registered in registry rewards (id: questStopReward, class: fr.skytasul.quests.rewards.QuestStopReward)
[01:37:21] [DEBUG] Quest object registered in registry rewards (id: requirementDependentReward, class: fr.skytasul.quests.rewards.RequirementDependentReward)
[01:37:21] [DEBUG] Quest object registered in registry rewards (id: randomReward, class: fr.skytasul.quests.rewards.RandomReward)
[01:37:21] [DEBUG] Quest object registered in registry rewards (id: wait, class: fr.skytasul.quests.rewards.WaitReward)
[01:37:21] [DEBUG] Quest object registered in registry rewards (id: titleReward, class: fr.skytasul.quests.rewards.TitleReward)
[01:37:21] [DEBUG] Initializing default requirements.
[01:37:21] [DEBUG] Quest object registered in registry requirements (id: logicalOr, class: fr.skytasul.quests.requirements.logical.LogicalOrRequirement)
[01:37:21] [DEBUG] Quest object registered in registry requirements (id: questRequired, class: fr.skytasul.quests.requirements.QuestRequirement)
[01:37:21] [DEBUG] Quest object registered in registry requirements (id: levelRequired, class: fr.skytasul.quests.requirements.LevelRequirement)
[01:37:21] [DEBUG] Quest object registered in registry requirements (id: permissionRequired, class: fr.skytasul.quests.requirements.PermissionsRequirement)
[01:37:21] [DEBUG] Quest object registered in registry requirements (id: scoreboardRequired, class: fr.skytasul.quests.requirements.ScoreboardRequirement)
[01:37:21] [DEBUG] Quest object registered in registry requirements (id: equipmentRequired, class: fr.skytasul.quests.requirements.EquipmentRequirement)
[01:37:21] [DEBUG] Initializing default stage options.
[01:37:21] [DEBUG] Quest object registered in registry stage-options-MOBS (id: progressbar, class: fr.skytasul.quests.stages.options.StageOptionProgressBar)
[01:37:21] [DEBUG] Quest object registered in registry stage-options-MINE (id: progressbar, class: fr.skytasul.quests.stages.options.StageOptionProgressBar)
[01:37:21] [DEBUG] Quest object registered in registry stage-options-PLACE_BLOCKS (id: progressbar, class: fr.skytasul.quests.stages.options.StageOptionProgressBar)
[01:37:21] [DEBUG] Quest object registered in registry stage-options-FISH (id: progressbar, class: fr.skytasul.quests.stages.options.StageOptionProgressBar)
[01:37:21] [DEBUG] Quest object registered in registry stage-options-MELT (id: progressbar, class: fr.skytasul.quests.stages.options.StageOptionProgressBar)
[01:37:21] [DEBUG] Quest object registered in registry stage-options-ENCHANT (id: progressbar, class: fr.skytasul.quests.stages.options.StageOptionProgressBar)
[01:37:21] [DEBUG] Quest object registered in registry stage-options-CRAFT (id: progressbar, class: fr.skytasul.quests.stages.options.StageOptionProgressBar)
[01:37:21] [DEBUG] Quest object registered in registry stage-options-BUCKET (id: progressbar, class: fr.skytasul.quests.stages.options.StageOptionProgressBar)
[01:37:21] [DEBUG] Quest object registered in registry stage-options-PLAY_TIME (id: progressbar, class: fr.skytasul.quests.stages.options.StageOptionProgressBar)
[01:37:21] [DEBUG] Quest object registered in registry stage-options-BREED (id: progressbar, class: fr.skytasul.quests.stages.options.StageOptionProgressBar)
[01:37:21] [DEBUG] Quest object registered in registry stage-options-TAME (id: progressbar, class: fr.skytasul.quests.stages.options.StageOptionProgressBar)
[01:37:21] [DEBUG] Quest object registered in registry stage-options-DEAL_DAMAGE (id: progressbar, class: fr.skytasul.quests.stages.options.StageOptionProgressBar)
[01:37:21] [DEBUG] Quest object registered in registry stage-options-EAT_DRINK (id: progressbar, class: fr.skytasul.quests.stages.options.StageOptionProgressBar)
[01:37:21] [DEBUG] Initializing default miscellenaeous.
[01:37:21] [DEBUG] Mob factory registered (id: bukkitEntity)
[01:37:21] [DEBUG] Bossbars manager has been registered: fr.skytasul.quests.utils.compatibility.BQBossBarImplementation
[01:37:21] [DEBUG] Brigadier registered!
[01:37:21] [DEBUG] Hooked into [DecentHolograms] v2.8.15
[01:37:21] [DEBUG] Hooked into [PlaceholderAPI] v2.11.6
[01:37:21] [DEBUG] Hooked into [WorldGuard] v7.0.9+5934e49
[01:37:21] [DEBUG] Holograms manager has been registered: fr.skytasul.quests.integrations.BQDecentHolograms
[01:37:21] [INFO] Placeholders registered !
[01:37:21] [DEBUG] Quest object registered in registry requirements (id: placeholderRequired, class: fr.skytasul.quests.integrations.placeholders.PlaceholderRequirement)
[01:37:21] [DEBUG] Now using WorldGuard entry API.
[01:37:21] [DEBUG] Stage registered (Find, 18)
[01:37:21] [DEBUG] Quest object registered in registry requirements (id: regionRequired, class: fr.skytasul.quests.integrations.worldguard.RegionRequirement)
[01:37:21] [DEBUG] Started bStats metrics
[01:37:21] [DEBUG] Starting Spigot updater
[01:37:26] [DEBUG] 0 accounts loaded and 3 identifiers.
[01:37:27] [DEBUG] Registered 5 lines in scoreboard
[01:37:27] [INFO] 0 quests loaded (0.022s)!
[01:37:27] [INFO] Periodic saves task started (18000 ticks). Task ID: 42
[01:38:29] [DEBUG] elian (3e97d394-1562-31e4-9172-59b2e573112d) joined the server
[01:38:29] [DEBUG] Loading player elian...
[01:38:29] [DEBUG] Loading account #2. Last file edition: Fri Mar 14 01:27:39 UTC 2025
[01:38:29] [DEBUG] Completed load of elian (3e97d394-1562-31e4-9172-59b2e573112d (#2)) datas within 180 ms (0 quests, 0 pools) | Loaded from file from index
[01:38:29] [DEBUG] elian left the server
[01:38:29] [DEBUG] Unloading player elian... (0 quests, 0 pools)
[01:38:29] [WARNING] Player elian has quit the server while loading its datas. This may be a bug.
[01:38:31] [DEBUG] elian (3e97d394-1562-31e4-9172-59b2e573112d) joined the server
[01:38:31] [DEBUG] Loading player elian...
[01:38:32] [DEBUG] Completed load of elian (3e97d394-1562-31e4-9172-59b2e573112d (#2)) datas within 39 ms (0 quests, 0 pools) | Loaded from cached accounts pending unload
[01:39:12] [DEBUG] THEMONILO (8ce330b9-f746-3d8f-9174-9156ece89f7c) joined the server
[01:39:12] [DEBUG] Loading player THEMONILO...
[01:39:12] [DEBUG] Loading account #1. Last file edition: Fri Mar 14 01:27:39 UTC 2025
[01:39:12] [DEBUG] Completed load of THEMONILO (8ce330b9-f746-3d8f-9174-9156ece89f7c (#1)) datas within 34 ms (0 quests, 0 pools) | Loaded from file from index
[01:39:16] [DEBUG] elian left the server
[01:39:16] [DEBUG] Unloading player elian... (0 quests, 0 pools)
[01:39:20] [DEBUG] elian (3e97d394-1562-31e4-9172-59b2e573112d) joined the server
[01:39:20] [DEBUG] Loading player elian...
[01:39:20] [DEBUG] Completed load of elian (3e97d394-1562-31e4-9172-59b2e573112d (#2)) datas within 36 ms (0 quests, 0 pools) | Loaded from cached accounts pending unload
[01:39:29] [DEBUG] 1Kennethe (58ded296-153e-304a-9f19-127df9f5730f) joined the server
[01:39:29] [DEBUG] Loading player 1Kennethe...
[01:39:29] [DEBUG] Loading account #3. Last file edition: Fri Mar 14 01:27:39 UTC 2025
[01:39:29] [DEBUG] Completed load of 1Kennethe (58ded296-153e-304a-9f19-127df9f5730f (#3)) datas within 32 ms (0 quests, 0 pools) | Loaded from file from index
[01:39:34] [DEBUG] elian left the server
[01:39:34] [DEBUG] Unloading player elian... (0 quests, 0 pools)
[01:39:38] [DEBUG] elian (3e97d394-1562-31e4-9172-59b2e573112d) joined the server
[01:39:38] [DEBUG] Loading player elian...
[01:39:38] [DEBUG] Completed load of elian (3e97d394-1562-31e4-9172-59b2e573112d (#2)) datas within 33 ms (0 quests, 0 pools) | Loaded from cached accounts pending unload
[01:40:17] [DEBUG] 1Kennethe left the server
[01:40:17] [DEBUG] Unloading player 1Kennethe... (0 quests, 0 pools)
[01:40:22] [DEBUG] 1Kennethe (58ded296-153e-304a-9f19-127df9f5730f) joined the server
[01:40:22] [DEBUG] Loading player 1Kennethe...
[01:40:22] [DEBUG] Completed load of 1Kennethe (58ded296-153e-304a-9f19-127df9f5730f (#3)) datas within 37 ms (0 quests, 0 pools) | Loaded from cached accounts pending unload
